<?xml version="1.0" encoding="UTF-8"?>
<testsuite xmlns:xsi="http://www.w3.org/2001/XMLSchema-instance" xsi:noNamespaceSchemaLocation="https://maven.apache.org/surefire/maven-surefire-plugin/xsd/surefire-test-report.xsd" name="com.example.lexer.LexerTest" time="0.001" tests="4" errors="0" skipped="0" failures="0">
  <properties>
[...]
</properties>
  <testcase name="testLexerOperators" classname="com.example.lexer.LexerTest" time="0"/>
  <testcase name="testLexerParentheses" classname="com.example.lexer.LexerTest" time="0"/>
  <testcase name="testLexerNumbers" classname="com.example.lexer.LexerTest" time="0"/>
  <testcase name="testLexerIdentifiers" classname="com.example.lexer.LexerTest" time="0"/>
</testsuite>