<?xml version="1.0" encoding="UTF-8"?>
<testsuite xmlns:xsi="http://www.w3.org/2001/XMLSchema-instance" xsi:noNamespaceSchemaLocation="https://maven.apache.org/surefire/maven-surefire-plugin/xsd/surefire-test-report.xsd" name="com.example.store.VariableStoreTest" time="0" tests="6" errors="0" skipped="0" failures="0">
  <properties>
[...]
</properties>
  <testcase name="testUninitializedVariable" classname="com.example.store.VariableStoreTest" time="0"/>
  <testcase name="testDivideAssign" classname="com.example.store.VariableStoreTest" time="0"/>
  <testcase name="testVariableStore" classname="com.example.store.VariableStoreTest" time="0"/>
  <testcase name="testMinusAssign" classname="com.example.store.VariableStoreTest" time="0"/>
  <testcase name="testMultiplyAssign" classname="com.example.store.VariableStoreTest" time="0"/>
  <testcase name="testSubtraction" classname="com.example.store.VariableStoreTest" time="0"/>
</testsuite>