<?xml version="1.0" encoding="UTF-8"?>
<testsuite xmlns:xsi="http://www.w3.org/2001/XMLSchema-instance" xsi:noNamespaceSchemaLocation="https://maven.apache.org/surefire/maven-surefire-plugin/xsd/surefire-test-report.xsd" name="com.example.IntegrationTest" time="0.001" tests="6" errors="0" skipped="0" failures="0">
  <properties>
[...]
</properties>
  <testcase name="testParenthesesPrecedence" classname="com.example.IntegrationTest" time="0"/>
  <testcase name="testNestedParentheses" classname="com.example.IntegrationTest" time="0"/>
  <testcase name="testComplexExpression" classname="com.example.IntegrationTest" time="0"/>
  <testcase name="testPostfixDecrement" classname="com.example.IntegrationTest" time="0"/>
  <testcase name="testPrefixDecrement" classname="com.example.IntegrationTest" time="0"/>
  <testcase name="testExampleFromRequirements" classname="com.example.IntegrationTest" time="0.001"/>
</testsuite>